This is pdfTeX, Version 3.14159265-2.6-1.40.17 (TeX Live 2016/Debian) (preloaded format=pdflatex 2017.6.14)  23 JAN 2018 14:49
entering extended mode
 restricted \write18 enabled.
 %&-line parsing enabled.
**abstract.tex
(./abstract.tex
LaTeX2e <2017/01/01> patch level 3
Babel <3.9r> and hyphenation patterns for 32 language(s) loaded.
(/usr/share/texlive/texmf-dist/tex/latex/base/article.cls
Document Class: article 2014/09/29 v1.4h Standard LaTeX document class
(/usr/share/texlive/texmf-dist/tex/latex/base/size12.clo
File: size12.clo 2014/09/29 v1.4h Standard LaTeX file (size option)
)
\c@part=\count79
\c@section=\count80
\c@subsection=\count81
\c@subsubsection=\count82
\c@paragraph=\count83
\c@subparagraph=\count84
\c@figure=\count85
\c@table=\count86
\abovecaptionskip=\skip41
\belowcaptionskip=\skip42
\bibindent=\dimen102
)
(/usr/share/texlive/texmf-dist/tex/latex/psnfss/pifont.sty
Package: pifont 2005/04/12 PSNFSS-v9.2a Pi font support (SPQR) 
LaTeX Font Info:    Try loading font information for U+pzd on input line 63.

(/usr/share/texlive/texmf-dist/tex/latex/psnfss/upzd.fd
File: upzd.fd 2001/06/04 font definitions for U/pzd.
)
LaTeX Font Info:    Try loading font information for U+psy on input line 64.

(/usr/share/texlive/texmf-dist/tex/latex/psnfss/upsy.fd
File: upsy.fd 2001/06/04 font definitions for U/psy.
))
(/usr/share/texlive/texmf-dist/tex/latex/a4wide/a4wide.sty
Package: a4wide 1994/08/30

(/usr/share/texlive/texmf-dist/tex/latex/ntgclass/a4.sty
Package: a4 2004/04/15 v1.2g A4 based page layout
))
(/usr/share/texlive/texmf-dist/tex/latex/base/inputenc.sty
Package: inputenc 2015/03/17 v1.2c Input encoding file
\inpenc@prehook=\toks14
\inpenc@posthook=\toks15

(/usr/share/texlive/texmf-dist/tex/latex/ucs/utf8x.def
File: utf8x.def 2004/10/17 UCS: Input encoding UTF-8
))
(/usr/share/texlive/texmf-dist/tex/latex/ucs/ucs.sty
Package: ucs 2013/05/11 v2.2 UCS: Unicode input support

(/usr/share/texlive/texmf-dist/tex/latex/ucs/data/uni-global.def
File: uni-global.def 2013/05/13 UCS: Unicode global data
)
\uc@secondtry=\count87
\uc@combtoks=\toks16
\uc@combtoksb=\toks17
\uc@temptokena=\toks18
)
(/usr/share/texlive/texmf-dist/tex/latex/amsmath/amsmath.sty
Package: amsmath 2016/11/05 v2.16a AMS math features
\@mathmargin=\skip43

For additional information on amsmath, use the `?' option.
(/usr/share/texlive/texmf-dist/tex/latex/amsmath/amstext.sty
Package: amstext 2000/06/29 v2.01 AMS text

(/usr/share/texlive/texmf-dist/tex/latex/amsmath/amsgen.sty
File: amsgen.sty 1999/11/30 v2.0 generic functions
\@emptytoks=\toks19
\ex@=\dimen103
))
(/usr/share/texlive/texmf-dist/tex/latex/amsmath/amsbsy.sty
Package: amsbsy 1999/11/29 v1.2d Bold Symbols
\pmbraise@=\dimen104
)
(/usr/share/texlive/texmf-dist/tex/latex/amsmath/amsopn.sty
Package: amsopn 2016/03/08 v2.02 operator names
)
\inf@bad=\count88
LaTeX Info: Redefining \frac on input line 213.
\uproot@=\count89
\leftroot@=\count90
LaTeX Info: Redefining \overline on input line 375.
\classnum@=\count91
\DOTSCASE@=\count92
LaTeX Info: Redefining \ldots on input line 472.
LaTeX Info: Redefining \dots on input line 475.
LaTeX Info: Redefining \cdots on input line 596.
\Mathstrutbox@=\box26
\strutbox@=\box27
\big@size=\dimen105
LaTeX Font Info:    Redeclaring font encoding OML on input line 712.
LaTeX Font Info:    Redeclaring font encoding OMS on input line 713.
\macc@depth=\count93
\c@MaxMatrixCols=\count94
\dotsspace@=\muskip10
\c@parentequation=\count95
\dspbrk@lvl=\count96
\tag@help=\toks20
\row@=\count97
\column@=\count98
\maxfields@=\count99
\andhelp@=\toks21
\eqnshift@=\dimen106
\alignsep@=\dimen107
\tagshift@=\dimen108
\tagwidth@=\dimen109
\totwidth@=\dimen110
\lineht@=\dimen111
\@envbody=\toks22
\multlinegap=\skip44
\multlinetaggap=\skip45
\mathdisplay@stack=\toks23
LaTeX Info: Redefining \[ on input line 2817.
LaTeX Info: Redefining \] on input line 2818.
)
(/usr/share/texlive/texmf-dist/tex/latex/amsfonts/amsfonts.sty
Package: amsfonts 2013/01/14 v3.01 Basic AMSFonts support
\symAMSa=\mathgroup4
\symAMSb=\mathgroup5
LaTeX Font Info:    Overwriting math alphabet `\mathfrak' in version `bold'
(Font)                  U/euf/m/n --> U/euf/b/n on input line 106.
)
(/usr/share/texlive/texmf-dist/tex/latex/jknapltx/mathrsfs.sty
Package: mathrsfs 1996/01/01 Math RSFS package v1.0 (jk)
\symrsfs=\mathgroup6
)
(/usr/share/texlive/texmf-dist/tex/latex/graphics/graphicx.sty
Package: graphicx 2014/10/28 v1.0g Enhanced LaTeX Graphics (DPC,SPQR)

(/usr/share/texlive/texmf-dist/tex/latex/graphics/keyval.sty
Package: keyval 2014/10/28 v1.15 key=value parser (DPC)
\KV@toks@=\toks24
)
(/usr/share/texlive/texmf-dist/tex/latex/graphics/graphics.sty
Package: graphics 2016/10/09 v1.0u Standard LaTeX Graphics (DPC,SPQR)

(/usr/share/texlive/texmf-dist/tex/latex/graphics/trig.sty
Package: trig 2016/01/03 v1.10 sin cos tan (DPC)
)
(/usr/share/texlive/texmf-dist/tex/latex/graphics-cfg/graphics.cfg
File: graphics.cfg 2016/06/04 v1.11 sample graphics configuration
)
Package graphics Info: Driver file: pdftex.def on input line 99.

(/usr/share/texlive/texmf-dist/tex/latex/graphics-def/pdftex.def
File: pdftex.def 2017/01/12 v0.06k Graphics/color for pdfTeX

(/usr/share/texlive/texmf-dist/tex/generic/oberdiek/infwarerr.sty
Package: infwarerr 2016/05/16 v1.4 Providing info/warning/error messages (HO)
)
(/usr/share/texlive/texmf-dist/tex/generic/oberdiek/ltxcmds.sty
Package: ltxcmds 2016/05/16 v1.23 LaTeX kernel commands for general use (HO)
)
\Gread@gobject=\count100
))
\Gin@req@height=\dimen112
\Gin@req@width=\dimen113
)
(/usr/share/texlive/texmf-dist/tex/latex/float/float.sty
Package: float 2001/11/08 v1.3d Float enhancements (AL)
\c@float@type=\count101
\float@exts=\toks25
\float@box=\box28
\@float@everytoks=\toks26
\@floatcapt=\box29
)
(/usr/share/texlive/texmf-dist/tex/latex/caption/caption.sty
Package: caption 2016/02/21 v3.3-144 Customizing captions (AR)

(/usr/share/texlive/texmf-dist/tex/latex/caption/caption3.sty
Package: caption3 2016/05/22 v1.7-166 caption3 kernel (AR)
Package caption3 Info: TeX engine: e-TeX on input line 67.
\captionmargin=\dimen114
\captionmargin@=\dimen115
\captionwidth=\dimen116
\caption@tempdima=\dimen117
\caption@indent=\dimen118
\caption@parindent=\dimen119
\caption@hangindent=\dimen120
)
\c@ContinuedFloat=\count102
Package caption Info: float package is loaded.
)
(/usr/share/texlive/texmf-dist/tex/latex/wrapfig/wrapfig.sty
\wrapoverhang=\dimen121
\WF@size=\dimen122
\c@WF@wrappedlines=\count103
\WF@box=\box30
\WF@everypar=\toks27
Package: wrapfig 2003/01/31  v 3.6
)
(/usr/share/texlive/texmf-dist/tex/latex/preprint/authblk.sty
Package: authblk 2001/02/27 1.3 (PWD)
\affilsep=\skip46
\@affilsep=\skip47
\c@Maxaffil=\count104
\c@authors=\count105
\c@affil=\count106
)
(/usr/share/texlive/texmf-dist/tex/latex/subfigure/subfigure.sty
Package: subfigure 2002/03/15 v2.1.5 subfigure package
\subfigtopskip=\skip48
\subfigcapskip=\skip49
\subfigcaptopadj=\dimen123
\subfigbottomskip=\skip50
\subfigcapmargin=\dimen124
\subfiglabelskip=\skip51
\c@subfigure=\count107
\c@lofdepth=\count108
\c@subtable=\count109
\c@lotdepth=\count110

****************************************
* Local config file subfigure.cfg used *
****************************************
(/usr/share/texlive/texmf-dist/tex/latex/subfigure/subfigure.cfg)
\subfig@top=\skip52
\subfig@bottom=\skip53
)
(/usr/share/texlive/texmf-dist/tex/latex/amsfonts/amssymb.sty
Package: amssymb 2013/01/14 v3.01 AMS font symbols
)
(/usr/share/texlive/texmf-dist/tex/latex/base/latexsym.sty
Package: latexsym 1998/08/17 v2.2e Standard LaTeX package (lasy symbols)
\symlasy=\mathgroup7
LaTeX Font Info:    Overwriting symbol font `lasy' in version `bold'
(Font)                  U/lasy/m/n --> U/lasy/b/n on input line 52.
)
(/usr/share/texlive/texmf-dist/tex/latex/natbib/natbib.sty
Package: natbib 2010/09/13 8.31b (PWD, AO)
\bibhang=\skip54
\bibsep=\skip55
LaTeX Info: Redefining \cite on input line 694.
\c@NAT@ctr=\count111
) (./abstract.aux)
\openout1 = `abstract.aux'.

LaTeX Font Info:    Checking defaults for OML/cmm/m/it on input line 36.
LaTeX Font Info:    ... okay on input line 36.
LaTeX Font Info:    Checking defaults for T1/cmr/m/n on input line 36.
LaTeX Font Info:    ... okay on input line 36.
LaTeX Font Info:    Checking defaults for OT1/cmr/m/n on input line 36.
LaTeX Font Info:    ... okay on input line 36.
LaTeX Font Info:    Checking defaults for OMS/cmsy/m/n on input line 36.
LaTeX Font Info:    ... okay on input line 36.
LaTeX Font Info:    Checking defaults for OMX/cmex/m/n on input line 36.
LaTeX Font Info:    ... okay on input line 36.
LaTeX Font Info:    Checking defaults for U/cmr/m/n on input line 36.
LaTeX Font Info:    ... okay on input line 36.

(/usr/share/texlive/texmf-dist/tex/latex/ucs/ucsencs.def
File: ucsencs.def 2011/01/21 Fixes to fontencodings LGR, T3
)
(/usr/share/texlive/texmf-dist/tex/context/base/mkii/supp-pdf.mkii
[Loading MPS to PDF converter (version 2006.09.02).]
\scratchcounter=\count112
\scratchdimen=\dimen125
\scratchbox=\box31
\nofMPsegments=\count113
\nofMParguments=\count114
\everyMPshowfont=\toks28
\MPscratchCnt=\count115
\MPscratchDim=\dimen126
\MPnumerator=\count116
\makeMPintoPDFobject=\count117
\everyMPtoPDFconversion=\toks29
) (/usr/share/texlive/texmf-dist/tex/generic/oberdiek/pdftexcmds.sty
Package: pdftexcmds 2016/05/21 v0.22 Utility functions of pdfTeX for LuaTeX (HO
)

(/usr/share/texlive/texmf-dist/tex/generic/oberdiek/ifluatex.sty
Package: ifluatex 2016/05/16 v1.4 Provides the ifluatex switch (HO)
Package ifluatex Info: LuaTeX not detected.
)
(/usr/share/texlive/texmf-dist/tex/generic/oberdiek/ifpdf.sty
Package: ifpdf 2016/05/14 v3.1 Provides the ifpdf switch
)
Package pdftexcmds Info: LuaTeX not detected.
Package pdftexcmds Info: \pdf@primitive is available.
Package pdftexcmds Info: \pdf@ifprimitive is available.
Package pdftexcmds Info: \pdfdraftmode found.
)
(/usr/share/texlive/texmf-dist/tex/latex/oberdiek/epstopdf-base.sty
Package: epstopdf-base 2016/05/15 v2.6 Base part for package epstopdf

(/usr/share/texlive/texmf-dist/tex/latex/oberdiek/grfext.sty
Package: grfext 2016/05/16 v1.2 Manage graphics extensions (HO)

(/usr/share/texlive/texmf-dist/tex/generic/oberdiek/kvdefinekeys.sty
Package: kvdefinekeys 2016/05/16 v1.4 Define keys (HO)
))
(/usr/share/texlive/texmf-dist/tex/latex/oberdiek/kvoptions.sty
Package: kvoptions 2016/05/16 v3.12 Key value format for package options (HO)

(/usr/share/texlive/texmf-dist/tex/generic/oberdiek/kvsetkeys.sty
Package: kvsetkeys 2016/05/16 v1.17 Key value parser (HO)

(/usr/share/texlive/texmf-dist/tex/generic/oberdiek/etexcmds.sty
Package: etexcmds 2016/05/16 v1.6 Avoid name clashes with e-TeX commands (HO)
Package etexcmds Info: Could not find \expanded.
(etexcmds)             That can mean that you are not using pdfTeX 1.50 or
(etexcmds)             that some package has redefined \expanded.
(etexcmds)             In the latter case, load this package earlier.
)))
Package epstopdf-base Info: Redefining graphics rule for `.eps' on input line 4
38.
Package grfext Info: Graphics extension search list:
(grfext)             [.png,.pdf,.jpg,.mps,.jpeg,.jbig2,.jb2,.PNG,.PDF,.JPG,.JPE
G,.JBIG2,.JB2,.eps]
(grfext)             \AppendGraphicsExtensions on input line 456.

(/usr/share/texlive/texmf-dist/tex/latex/latexconfig/epstopdf-sys.cfg
File: epstopdf-sys.cfg 2010/07/13 v1.3 Configuration of (r)epstopdf for TeX Liv
e
))
Package caption Info: Begin \AtBeginDocument code.
Package caption Info: subfigure package is loaded.
Package caption Info: wrapfig package is loaded.
Package caption Info: End \AtBeginDocument code.

Overfull \hbox (3.45126pt too wide) in paragraph at lines 74--74
\OT1/cmr/m/n/10.95 com-plete Cholesky (ICCG), against the de-flated (DICCG) ver
-sion of the same method. 
 []

LaTeX Font Info:    Try loading font information for U+msa on input line 75.
(/usr/share/texlive/texmf-dist/tex/latex/amsfonts/umsa.fd
File: umsa.fd 2013/01/14 v3.01 AMS symbols A
)
LaTeX Font Info:    Try loading font information for U+msb on input line 75.

(/usr/share/texlive/texmf-dist/tex/latex/amsfonts/umsb.fd
File: umsb.fd 2013/01/14 v3.01 AMS symbols B
)
LaTeX Font Info:    Try loading font information for U+rsfs on input line 75.

(/usr/share/texlive/texmf-dist/tex/latex/jknapltx/ursfs.fd
File: ursfs.fd 1998/03/24 rsfs font definition file (jk)
)
LaTeX Font Info:    Try loading font information for U+lasy on input line 75.

(/usr/share/texlive/texmf-dist/tex/latex/base/ulasy.fd
File: ulasy.fd 1998/08/17 v2.2e LaTeX symbol font definitions
) [1

{/var/lib/texmf/fonts/map/pdftex/updmap/pdftex.map}] (./abstract.bbl) [2] (./ab
stract.aux) ) 
Here is how much of TeX's memory you used:
 4494 strings out of 494317
 66485 string characters out of 6163512
 135734 words of memory out of 5000000
 7722 multiletter control sequences out of 15000+600000
 11946 words of font info for 47 fonts, out of 8000000 for 9000
 372 hyphenation exceptions out of 8191
 39i,4n,38p,619b,191s stack positions out of 5000i,500n,10000p,200000b,80000s
</usr/share/texlive/texmf-dist/fonts/type1/public/amsfonts/cm/cmbx
10.pfb></usr/share/texlive/texmf-dist/fonts/type1/public/amsfonts/cm/cmbx12.pfb
></usr/share/texlive/texmf-dist/fonts/type1/public/amsfonts/cm/cmr10.pfb></usr/
share/texlive/texmf-dist/fonts/type1/public/amsfonts/cm/cmr12.pfb></usr/share/t
exlive/texmf-dist/fonts/type1/public/amsfonts/cm/cmr17.pfb></usr/share/texlive/
texmf-dist/fonts/type1/public/amsfonts/cm/cmr8.pfb></usr/share/texlive/texmf-di
st/fonts/type1/public/amsfonts/cm/cmsy10.pfb></usr/share/texlive/texmf-dist/fon
ts/type1/public/amsfonts/cm/cmti12.pfb>
Output written on abstract.pdf (2 pages, 108530 bytes).
PDF statistics:
 43 PDF objects out of 1000 (max. 8388607)
 30 compressed objects within 1 object stream
 0 named destinations out of 1000 (max. 500000)
 1 words of extra memory for PDF output out of 10000 (max. 10000000)

